Server Running..
Успешное подключение к базе данных MySQL
Таблица warranty_data готова
7.4783874421296295
7.479082662037037
7.479777881944444
7.480473125
7.481168368055555
7.481863587962963
7.482547222222222
7.4832424421296295
7.483937662037037
7.484632905092592
7.485328136574074
7.486023379629629
7.486718622685185
7.487413854166666
7.488109131944444
7.488804375
7.48949962962963
7.490194837962963
7.490890034722222
7.4915852893518515
7.492268923611111
7.492964131944444
7.493659351851852
7.494354548611111
7.495049768518519
7.495745
7.496440243055556
7.497135497685186
7.497830717592593
7.4985259606481485
7.499221180555556
7.499916400462963
7.50061162037037
7.501306817129629
7.502002025462963
7.5026856828703705
7.503380902777778
7.504076134259259
7.504771331018518
7.5054665509259255
7.5061617592592595
7.506856967592593
7.507552175925926
7.508247407407407
7.50894261574074
7.509637847222222
7.510333055555556
7.511028275462963
7.511723472222222
7.512418680555555
7.513102326388889
7.5137975462962965
7.514492777777778
7.515187986111111
7.515883229166667
7.516578425925926
7.5172736226851855
7.517968842592593
7.518664050925926
7.519359270833333
7.520054479166666
7.520749710648148
7.521444930555556
7.522140115740741
7.522835324074074
7.523518958333334
7.524214155092593
7.524909351851852
7.525604560185185
7.526299745370371
7.526994965277778
7.527690185185185
7.5283853356481485
7.529080555555556
7.529775787037037
7.53047099537037
7.531166180555555
7.531861400462963
7.532556597222222
7.533251782407407
7.533935381944445
7.534630324074074
7.535325555555556
7.536020775462963
7.53671599537037
7.537411203703703
7.5381064236111115
7.538801631944445
7.539496863425926
7.540192060185185
7.540887280092592
7.541582511574074
7.542277743055555
7.542972962962963
7.543668194444445
7.544363414351852
7.545047037037037
7.545742256944444
7.546437430555556
7.547132650462963
7.547827708333333
7.548522939814815
7.54921818287037
7.549913391203703
7.550608634259259
7.5513037268518515
7.551998923611111
7.5526941319444445
7.553389293981481
7.554084513888889
7.554779722222222
7.555463321759259
7.556158553240741
7.55685375
7.557548958333333
7.558244166666666
7.558939409722222
7.559634629629629
7.560329826388889
7.561025023148148
7.561720231481481
7.562415474537037
7.563110694444444
7.563805902777778
7.5645011226851855
7.565196342592593
7.565879988425926
7.566575196759259
7.567270405092593
7.5679656481481485
7.568660868055556
7.569356099537037
7.570051331018519
7.570746550925926
7.571441770833333
7.572137002314815
7.572832222222222
7.573527395833334
7.574222615740741
7.574917835648148
7.575613032407407
7.576296655092593
7.576991863425926
7.577687071759259
7.578382291666666
7.5790775115740745
7.579772719907408
7.580467951388889
7.581163194444445
7.581858402777778
7.582553611111111
7.583248831018518
7.583944085648148
7.584639305555555
7.585334513888889
7.5860297337962965
7.586713368055555
7.587408599537037
7.58810380787037
7.588799016203704
7.589494201388889
7.590189444444444
7.590884594907408
7.591579780092593
7.592275
7.592970185185186
7.593665393518519
7.594360613425926
7.595055821759259
7.595751030092592
7.596446226851852
7.597129849537037
7.597825046296296
7.59852025462963
7.599215474537037
7.599910706018519
7.600605914351852
7.601301122685185
7.601996331018518
7.602691550925926
7.603386770833334
7.604081979166667
7.604777118055556
7.605472314814815
7.6061675
7.606862673611111
7.607557824074074
7.608241446759259
7.608936631944444
7.6096318518518515
7.610327048611111
7.611022233796296
7.611717453703704
7.612412650462963
7.613107870370371
7.61380306712963
7.614498252314815
7.615193425925926
7.615888668981482
7.616583912037037
7.617279097222222
7.617974270833333
7.618657835648148
7.619353032407408
7.620048229166667
7.6207434143518515
7.621438622685186
7.622133796296296
7.622828969907407
7.623524166666667
7.624219363425926
7.624914548611111
7.625609710648148
7.6263049305555555
7.627000081018519
7.62769519675926
7.62839037037037
7.629085555555555
7.629769143518518
7.630464247685185
7.631159386574074
7.6318545949074075
7.632549826388889
7.633245046296296
7.633940254629629
7.63463537037037
7.635330613425926
7.636025833333333
7.636721018518519
7.637415868055555
7.638111064814815
7.6388062847222225
7.639501458333333
7.640196620370371
7.640880219907407
7.641575393518519
7.642270590277778
7.642965787037037
7.643660972222222
7.644356111111111
7.645051319444445
7.645746527777778
7.646441747685185
7.647136944444444
7.647832083333333
7.6485271875
7.649222407407407
7.649917592592592
7.65061275462963
7.651307951388889
7.651991550925926
7.652686724537037
7.653381932870371
7.654077106481481
7.65477230324074
7.6554675115740745
7.656162685185185
7.656857881944444
7.6575530324074075
7.658248217592592
7.658943391203704
7.659638611111111
7.66033380787037
7.6610290277777775
7.661724212962963
7.6624078125
7.663103020833334
7.663798125
7.664493333333334
7.665188553240741
7.665883761574074
7.666578969907407
7.6672739699074075
7.667969143518518
7.668664328703704
7.669359548611111
7.67005474537037
7.670749976851852
7.671445150462963
7.672140347222222
7.672835497685186
7.673519085648148
7.674214293981482
7.674909490740741
7.675604675925926
7.676299895833333
7.676995104166667
7.6776903125
7.678385555555556
7.6790807291666665
7.6797759375
7.680471145833334
7.681166388888889
7.6818616087962965
7.682556851851852
7.683252071759259
7.683935706018518
7.684630902777778
7.685326076388889
7.68602130787037
7.686716516203703
7.687411712962963
7.688106886574074
7.688802060185185
7.689497233796296
7.690192418981481
7.690887627314815
7.6915828125
7.6922780439814815
7.692973263888889
7.693668472222222
7.6943521875
7.695047384259259
7.695742581018519
7.696437743055555
7.697132928240741
7.6978280787037034
7.698523275462963
7.6992184837962965
7.699913668981481
7.700608912037037
7.7013041550925925
7.7019993518518515
7.702694583333333
7.703389814814815
7.704085046296297
7.70476869212963
7.705463888888889
7.706159027777778
7.706854247685185
7.707549444444444
7.708244652777778
7.708939803240741
7.709635011574074
7.710330185185185
7.711025335648148
7.711720509259259
7.712415694444444
7.71311087962963
7.713806064814815
7.71450125
7.715196481481481
7.715880127314815
7.7165753125
7.717270497685186
7.717965671296296
7.718660856481481
7.719356064814815
7.72005125
7.720746435185185
7.721441631944445
7.722136770833333
7.722831956018519
7.723527141203704
7.724222337962963
7.72491755787037
7.725612766203704
7.726307986111111
7.726991539351852
7.727686701388889
7.728381643518518
7.729076828703704
7.729772037037037
7.730467199074074
7.731162361111111
7.731857546296296
7.7325526388888886
7.733247743055555
7.733942951388889
7.734638182870371
7.735333402777778
7.736028611111111
7.73672380787037
7.7374190277777775
7.7381025
7.738797662037037
7.739492847222222
7.740187974537037
7.740883136574074
7.741578333333333
7.742273541666667
7.7429686921296295
7.743663842592593
7.744359039351852
7.745054224537037
7.745749432870371
7.746444652777778
480324074
7.4145000115740745
7.4151952083333335
7.4158904050925925
7.416585590277778
7.417269224537037
7.417964409722222
7.418659594907408
7.419354803240741
7.42005
7.420745208333333
7.421440428240741
7.422135613425926
7.422830810185185
7.423526030092592
7.424221215277778
7.424916388888889
7.425611550925926
7.426306736111111
7.427001944444444
7.42768556712963
7.428380844907408
7.429076064814815
7.42977125
7.430466412037037
7.431161631944445
7.431856840277778
7.432552048611111
7.433247268518518
7.433942476851852
7.434637662037037
7.435332627314815
7.4360278125
7.4367229861111115
7.437418171296296
7.438113333333333
7.438796967592593
7.439492164351852
7.440187372685185
7.440882581018519
7.441577766203704
7.442272928240741
7.442968136574074
7.443663368055556
7.444358553240741
7.445053761574074
7.4457489467592595
7.446444131944444
7.44713931712963
7.447834502314815
7.448529699074074
7.4492133217592595
7.449908483796296
7.450603680555556
7.451298773148149
7.451994016203703
7.452689189814815
7.453384386574074
7.454079583333334
7.454774791666667
7.455469976851852
7.456165185185185
7.456860370370371
7.4575555555555555
7.458250763888889
7.458945925925926
7.459641134259259
7.460324733796297
7.461019953703704
7.461715127314815
7.462410347222222
7.46310556712963
7.463800763888889
7.464495810185185
7.465191006944444
7.465886064814815
7.4665812152777775
7.467276435185185
7.467971643518519
7.468666840277778
7.4693620138888885
7.470057222222223
7.470752453703704
7.471436076388889
7.472131273148148
7.472826469907408
7.4735216550925925
7.474216840277778
7.474912025462963
7.475607233796296
7.476302442129629
7.476997650462963
7.477692824074074
4
8425926
6.811027685185185
6.476996944444444
6.4776918634259255
11623024305555556
0.11134693287037037
3.841585625
0.12279197916666666
0.11747885416666666
0.11691385416666666
0.11203054398148148
3.842269236111111
0.12348722222222222
0.11817410879629629
0.1176091087962963
3.8429644907407408
0.11272579861111111
0.1241824537037037
0.1188693287037037
0.11830434027777778
0.11342103009259259
3.843659722222222
0.12487762731481482
0.11899950231481482
0.11411619212962963
3.844354884259259
0.11956450231481482
0.12557280092592593
0.12025967592592593
0.11969467592592592
0.11481136574074075
3.8450500578703704
0.12626800925925927
0.12095488425925927
0.12038988425925926
0.11550657407407408
3.8457452662037035
0.12696324074074075
0.12165011574074074
0.12108511574074074
0.11620180555555555
3.8464404976851854
0.1276584490740741
0.12234533564814815
0.12178033564814815
0.11689702546296296
3.8471357175925927
0.12835364583333334
0.12304052083333333
0.12247552083333334
0.11759221064814815
3.847830902777778
0.12904872685185184
0.12373560185185185
0.12317060185185186
0.11828729166666667
3.8485259837962964
0.1297436226851852
0.12443049768518519
0.12386549768518519
0.1189821875
3.8492208796296294
0.13043883101851853
0.12512570601851852
0.12456070601851851
0.11967739583333334
3.849916087962963
0.1311340162037037
0.1258208912037037
0.1252558912037037
0.12037258101851851
3.8506112731481483
0.1318292013888889
0.1265160763888889
0.1259510763888889
0.1210677662037037
3.851306458333333
0.13252436342592594
0.12721125
0.12664625
0.12176293981481481
3.8520016319444443
0.1332195486111111
0.1279064236111111
0.12734142361111112
0.12245811342592593
3.8526968055555555
0.13390313657407407
0.12859001157407407
0.1280250115740741
0.12314170138888889
3.8533803935185187
0.13459832175925926
0.12928519675925926
0.12872019675925925
0.12383688657407407
3.8540755787037035
0.13529346064814815
0.12998033564814815
0.12941533564814814
0.12453202546296296
3.8547707175925927
0.13598868055555555
0.13067555555555554
0.13011055555555556
0.12522724537037036
3.8554659375
0.13668386574074073
0.13137074074074073
0.13080574074074075
0.12592243055555555
3.8561611226851853
0.1373790625
0.13206594907407407
0.13150094907407409
0.12661763888888888
3.8568563310185184
0.13807425925925926
0.13276113425925926
0.13219613425925925
0.12731282407407407
3.8575515162037037
0.13876943287037036
0.13345630787037038
0.13289130787037037
0.1280079976851852
3.858246689814815
0.13946462962962963
0.1341515162037037
0.1335865162037037
0.1287032060185185
3.858941898148148
0.14015984953703703
0.13484672453703703
0.13428172453703704
0.12939841435185184
3.8596371064814816
0.14085503472222222
0.13554190972222221
0.13497690972222223
0.13009359953703703
3.8603323032407406
0.14155016203703705
0.13623703703703705
0.13567204861111112
0.13078873842592592
3.8610274305555556
0.1422453587962963
0.13636723379629628
0.1369322337962963
0.1314839236111111
3.861722615740741
0.14294055555555554
0.13762743055555557
0.13706243055555556
0.13217912037037036
3.8624178125
0.14363570601851852
0.13832258101851852
0.1377575810185185
0.13287427083333334
3.863112962962963
0.1443193402777778
0.1390062152777778
0.13844121527777778
0.1335579050925926
3.863796597222222
0.1450144560185185
0.13970133101851853
0.13913634259259258
0.1342530324074074
3.864491724537037
0.1457096412037037
0.14039652777777778
0.13983152777777777
0.1349482175925926
3.865186909722222
0.14640480324074073
0.14109168981481482
0.1405266898148148
0.13564337962962963
3.8658820717592595
0.14710001157407407
0.14178688657407407
0.14122188657407408
0.13633857638888888
3.8665772685185185
0.1477951851851852
0.1424820601851852
0.14191706018518518
0.13703375
3.8672724421296296
0.14849033564814815
0.14317721064814815
0.14261221064814814
0.13772890046296296
3.8679675925925925
0.14918542824074074
0.14387230324074074
0.14330730324074073
0.13842399305555556
3.868662685185185
0.14988059027777778
0.14456746527777778
0.14400246527777777
0.1391191550925926
3.869357847222222
0.15057577546296297
0.14526265046296297
0.14469765046296296
0.13981435185185184
3.8700530439814815
0.15127099537037036
0.14595787037037036
0.14539287037037038
0.14050956018518518
3.8707482523148147
0.15196618055555555
0.14665305555555555
0.14608805555555557
0.14120474537037037
3.871443449074074
0.15266130787037038
0.14734818287037038
0.14678319444444443
0.14189988425925926
3.8721385763888887
0.15335652777777778
0.14804340277777778
0.14747840277777777
0.1425950925925926
3.8728337847222223
0.15405174768518518
0.14873862268518517
0.1481736226851852
0.1432903125
3.8735290046296296
0.15474690972222221
0.1494337847222222
0.14886878472222223
0.14398547453703703
3.8742241782407407
0.15543052083333334
0.15011739583333333
0.14955239583333332
0.14466908564814815
3.8749077777777776
0.15612565972222223
0.15081253472222222
0.14536422453703704
3.875602916666667
0.15024753472222221
0.15682084490740741
0.1509427199074074
0.1515077199074074
0.14605940972222223
3.8762981018518516
0.15751605324074075
0.15220292824074075
0.15163792824074074
0.14675461805555556
3.8769933101851852
0.15821126157407409
0.15233313657407407
0.1474498263888889
0.15289813657407408
3.8776885185185184
0.1589064699074074
0.15359334490740742
0.1530283449074074
0.14814503472222224
3.878383726851852
0.15960167824074073
0.15428856481481482
0.1537235648148148
0.14884025462962963
3.8790789467592592
0.16029685185185186
0.15498372685185186
0.15441872685185185
0.14953541666666667
3.8797741087962963
0.1609920601851852
0.1556789351851852
0.15511394675925927
0.15023063657407407
3.8804693287037035
0.16168726851851853
0.15637414351851853
0.15580914351851852
0.15092583333333334
3.881164525462963
0.16238233796296297
0.15650421296296296
0.15706921296296297
0.1516209027777778
3.8818595949074073
0.16307751157407407
0.15776438657407407
0.15719939814814815
0.15231608796296298
3.8825547800925926
0.16377263888888888
0.15845952546296296
0.15789452546296295
0.15301121527777778
3.8832499074074076
0.16446782407407406
0.15915469907407406
0.15858969907407408
0.15370638888888888
3.8839450810185183
0.1651630439814815
0.15928491898148148
0.1598499189814815
0.1544016087962963
3.884640300925926
0.1658580902777778
0.16054496527777778
0.15997996527777777
0.1550966550925926
3.885335347222222
0.16654166666666667
0.16122855324074073
0.16066355324074075
0.15578024305555555
3.8860189351851853
0.16723680555555556
0.16135868055555555
0.15647537037037038
3.8867140625
0.16192368055555556
0.1679320138888889
0.1626188888888889
0.1620538888888889
0.1571705787037037
3.8874092708333334
0.16862724537037038
0.16331413194444444
0.16274913194444443
0.15786582175925926
3.888104513888889
0.1693224537037037
0.16400932870370372
0.1634443287037037
0.15856101851851853
3.888799710648148
0.17001762731481482
0.16470450231481482
0.1641395023148148
0.15925619212962963
3.889494884259259
0.17071280092592592
0.16539967592592592
0.16483467592592593
0.15995136574074073
3.8901900578703703
0.1714079398148148
0.1660948148148148
0.16552981481481482
0.16064650462962962
3.8908851967592595
0.172103125
0.16679001157407408
0.16622501157407407
0.1613417013888889
3.8915803935185185
0.17279829861111112
0.16748517361111112
0.1669201736111111
0.16203686342592594
3.8922755555555555
0.17349347222222222
0.16818034722222222
0.1676153472222222
0.16273203703703704
3.8929707291666666
0.17418866898148147
0.16887554398148147
0.1683105439814815
0.16342723379629628
3.893665925925926
0.17488380787037036
0.16957068287037036
0.16900568287037038
3.894361064814815
0.16412237268518517
0.1755790162037037
0.1702658912037037
0.1697008912037037
0.1648175810185185
3.895056273148148
0.17627424768518518
0.17096112268518518
0.1703961226851852
0.1655128125
3.89575150462963
0.17696949074074075
0.17165636574074075
0.17109136574074074
0.16620805555555557
3.8964467476851854
0.17765313657407408
0.17234001157407408
0.17177501157407407
0.1668917013888889
3.8971303935185184
0.17834835648148148
0.17303523148148148
0.1724702314814815
0.1675869212962963
3.8978256134259257
0.17904349537037037
0.17373037037037037
0.17316537037037036
0.16828206018518518
3.898520752314815
0.17973868055555556
0.17442555555555556
0.17386055555555555
0.16897724537037037
3.8992159375
0.18043391203703704
0.17512078703703704
0.17455578703703703
0.16967247685185186
3.8999111689814816
0.18112912037037038
0.17581599537037038
0.17525099537037037
0.1703676851851852
3.9006063773148147
0.18182421296296297
0.17651108796296297
0.17594608796296296
0.17106277777777779
3.9013014699074073
0.1825194212962963
0.1772062962962963
0.1766412962962963
0.17175798611111112
3.901996678240741
0.18321460648148147
0.1779014814814815
0.17733648148148148
0.1724531712962963
3.9026918634259258
0.18390979166666666
0.17859666666666665
0.17803166666666667
0.17314835648148147
3.903387048611111
0.18460497685185184
0.17929185185185184
0.17872686342592592
0.17384355324074074
3.9040822453703705
0.18530016203703703
0.17998703703703703
0.17942203703703705
0.17453872685185184
3.9047774189814817
0.1859953587962963
0.1806822337962963
0.1801172337962963
0.17523392361111112
3.9054726157407407
0.1866905902777778
0.1813774652777778
0.18081246527777778
0.1759291550925926
3.906167847222222
0.1873857986111111
0.18207267361111112
0.18150767361111111
0.1766243634259259
3.9068630555555557
0.18808077546296295
0.18276765046296295
0.18220265046296297
0.17731934027777776
3.9075580324074073
0.18876432870370372
0.18345121527777777
0.1828862152777778
0.1780029050925926
3.908241597222222
0.18945950231481481
0.1841463773148148
0.1835813773148148
0.17869806712962963
3.908936759259259
0.1901547222222222
0.1848415972222222
0.18427659722222223
0.17939328703703702
3.9096319791666665
0.1908499074074074
0.1855367824074074
0.18497178240740741
0.1800884722222222
3.910327164351852
0.19154510416666667
0.18623197916666667
0.18566697916666666
0.1807836689814815
3.9110223726851854
0.1922400462962963
0.1869269212962963
0.1863619212962963
0.1814786111111111
3.911717303240741
0.19293525462962963
0.18762212962962962
0.18705712962962964
0.18217381944444444
3.912412511574074
0.19363043981481481
0.1883173148148148
0.1877523148148148
0.18286900462962963
3.9131076967592593
0.1943256597222222
0.1890125347222222
0.18844753472222223
0.18356422453703702
3.9138029166666666
0.19502083333333334
0.18970770833333334
0.18914270833333333
0.18425939814814815
3.9144980902777777
0.19571600694444444
0.19040288194444444
0.18983788194444445
0.18495457175925925
3.915193263888889
0.1964112037037037
0.1910980787037037
0.1905330787037037
0.18564976851851853
3.9158884606481483
0.1971063773148148
0.1917932523148148
0.19122825231481483
0.18634494212962963
3.916583634259259
0.1978015625
0.1924884375
0.1919234375
0.1870401273148148
3.9172788194444443
0.19849675925925925
0.19318364583333333
0.19261864583333332
0.18773533564814815
3.917974027777778
0.19918038194444446
0.19386726851851852
0.1933022685185185
0.18841895833333333
3.918657650462963
0.19987555555555556
0.19456243055555555
0.19399743055555554
0.18911412037037037
3.9193528125
0.20057077546296295
0.19525765046296295
0.19469265046296297
0.18980934027777777
3.9200480324074074
0.20126596064814814
0.19595283564814814
0.19538784722222222
0.19050453703703704
3.920743229166667
0.20196094907407408
0.19664782407407408
0.19608282407407407
0.1911995138888889
3.9214382060185184
0.20265616898148148
0.19734304398148148
0.1967780439814815
0.1918947337962963
3.9221334259259257
0.20335140046296296
0.19803827546296296
0.19747327546296295
0.19258996527777777
3.9228286574074076
0.20404658564814815
0.19873346064814815
0.19816846064814814
0.19328515046296296
3.9235238425925925
0.20474179398148148
0.19942866898148148
0.19886366898148147
0.1939803587962963
3.924219050925926
0.20543697916666667
0.20012385416666667
0.19955885416666666
0.19467554398148149
3.924914236111111
0.2061321412037037
0.2008190162037037
0.2002540162037037
0.19537070601851853
3.9256093981481484
0.2068273148148148
0.2015141898148148
0.20094918981481483
0.19606587962962962
3.926304571759259
0.2075225115740741
0.20220938657407408
0.20164438657407407
0.1967610763888889
3.9269997685185185
0.20821769675925925
0.20290457175925927
0.20233957175925926
0.1974562615740741
3.927694953703704
0.20891285879629629
0.20359973379629628
0.2030347337962963
0.1981514236111111
3.928390115740741
0.20960804398148147
0.20429491898148147
0.2037299189814815
0.1988466087962963
3.929085300925926
0.2102916550925926
0.2049785300925926
0.20441353009259258
0.1995302199074074
3.929768912037037
0.21098686342592593
0.20567373842592593
0.20510873842592592
0.20022542824074074
3.9304641203703703
0.21168204861111112
0.20636892361111112
0.2058039236111111
0.20092061342592593
3.9311593055555556
0.21237724537037037
0.20706412037037036
0.20649912037037038
0.20161581018518518
3.931854502314815
0.2130724652777778
0.2077593402777778
0.20719434027777778
0.2023110300925926
3.9325497222222223
0.21376756944444444
0.20845444444444444
0.20788944444444443
0.20300613425925926
3.933244826388889
0.21446277777777778
0.20914965277777778
0.20858465277777777
0.2037013425925926
3.933940034722222
0.2151578587962963
0.20984473379629628
0.20927974537037036
0.2043964351851852
3.934635127314815
0.2158530324074074
0.2105399074074074
0.2099749074074074
0.20509159722222223
3.935330289351852
0.21654822916666666
0.21123510416666666
0.21067010416666668
0.20578679398148148
3.9360254861111112
0.2172434027777778
0.2119302777777778
0.21136527777777778
0.2064819675925926
3.9367206597222224
0.21793862268518518
0.21262549768518518
0.21206049768518517
0.2071771875
3.9374158796296297
0.2186335300925926
0.2133204050925926
0.21275540509259258
0.2078720949074074
3.938110787037037
0.2193284837962963
0.2140153587962963
0.21345035879629629
0.2085670486111111
3.9388057407407406
0.22002369212962963
0.21471056712962963
0.20926225694444445
0.21414556712962962
3.939500949074074
0.22071891203703703
0.21540578703703703
0.21484078703703705
0.20995747685185184
3.9401961689814815
0.22141407407407407
0.21610094907407407
0.21553594907407408
0.21065263888888888
3.9408913310185185
0.2167845486111111
0.2220976851851852
0.21621956018518518
0.21133625
3.9415749421296296
0.22279289351851853
0.21747976851851852
0.2169147685185185
0.21203145833333334
3.942270150462963
0.22348810185185186
0.21760997685185185
0.21272666666666668
0.21817497685185186
3.9429653587962963
0.22418327546296296
0.21887015046296296
0.21830515046296295
0.21342184027777777
3.9436605324074074
0.2248784837962963
0.21956537037037038
0.21900037037037037
0.2141170601851852
3.9443557523148147
0.22557349537037036
0.22026037037037038
0.21969537037037037
0.21481206018518517
3.9450507523148146
0.2262687037037037
0.2209555787037037
0.2203905787037037
0.2155072685185185
3.945745960648148
0.22696388888888888
0.22165076388888888
0.2210857638888889
0.2162024537037037
3.9464411458333335
0.22765907407407407
0.22234594907407407
0.22178094907407409
0.21689763888888888
3.9471363310185184
0.2283542939814815
0.2230411689814815
0.22247616898148148
0.2175928587962963
3.947831550925926
0.22904947916666665
0.22373635416666668
0.22317135416666667
0.2182880439814815
3.948526736111111
0.22974465277777778
0.22386652777777777
0.22443152777777778
0.2189832175925926
3.949221909722222
0.23043984953703703
0.22512672453703703
0.22456172453703704
0.21967841435185184
3.9499171064814815
0.23113502314814816
0.22582189814814815
0.22525689814814814
0.22037358796296297
3.9506122800925927
0.2318301851851852
0.22651707175925925
0.22595207175925927
0.22106876157407407
3.951307453703704
0.2325137962962963
0.22720067129629629
0.2266356712962963
0.2217523611111111
3.951991076388889
0.2332090162037037
0.2278958912037037
0.2273308912037037
0.22244758101851853
3.952686273148148
0.2339042361111111
0.2285911111111111
0.22802611111111112
0.22314280092592592
3.9533814930555558
0.23459945601851853
0.22928633101851853
0.22872133101851852
0.22383802083333335
3.954076712962963
0.23529466435185184
0.22998153935185184
0.22941653935185186
0.22453322916666665
3.954771921296296
0.23598987268518518
0.23067674768518517
0.2301117476851852
0.2252284375
3.9554671296296298
0.23668510416666666
0.23137199074074075
0.23080699074074074
0.22592368055555556
3.9561623726851853
0.2373803125
0.2320671875
0.2315021875
0.2266188773148148
3.9568575694444443
0.23276238425925927
0.23219739583333332
0.22731408564814815
0.23807552083333333
3.957552777777778
0.23877071759259258
0.2328925925925926
0.22800928240740742
0.2334575925925926
3.958247974537037
0.23946590277777777
0.23415278935185185
0.23358778935185184
0.22870447916666667
3.9589431712962964
0.2401611226851852
0.2348479976851852
0.23428299768518518
0.2293996875
3.9596383796296295
0.24085630787037038
0.23554319444444444
0.23497819444444445
0.23009488425925925
3.960333576388889
0.24155150462962963
0.23623837962962962
0.23567337962962964
0.23079006944444444
3.9610287615740742
0.24224671296296296
0.23693358796296296
0.23636858796296295
0.23148527777777778
3.9617239699074074
0.24293033564814814
0.23761721064814814
0.23705221064814816
0.23216890046296296
3.9624075925925926
0.24362550925925927
0.23831238425925927
0.23774738425925926
0.23286407407407408
3.9631027662037037
0.24432068287037037
0.23844255787037036
0.23900755787037037
0.23355924768518518
3.963797939814815
0.24501587962962962
0.23970275462962962
0.23913775462962963
0.23425444444444443
3.964493136574074
0.2457110648148148
0.2403979513888889
0.23983295138888888
0.2349496412037037
3.9651883333333333
0.24640625
0.241093125
0.240528125
0.2356448148148148
3.9658835069444445
0.24710142361111112
0.24178831018518518
0.2412233101851852
0.23634
3.9665786921296298
0.2477966550925926
0.2424835300925926
0.2419185300925926
0.23703521990740742
3.967273912037037
0.24849181712962962
0.2431787037037037
0.2426137037037037
0.23773039351851852
3.967969085648148
0.24918702546296295
0.24387390046296295
0.24330890046296297
0.23842559027777777
3.968664282407407
0.24988222222222223
0.2445691087962963
0.2440041087962963
0.2391207986111111
3.969359490740741
0.2505773958333333
0.24526427083333333
0.24469927083333334
0.23981596064814814
3.970054652777778
0.2512726041666667
0.24595947916666666
0.24539447916666668
0.24051116898148148
3.970749861111111
0.2519678356481482
0.24665471064814815
0.24608971064814814
0.24120640046296296
3.9714450925925924
0.2526629976851852
0.24734987268518518
0.24678487268518517
0.2419015625
3.97214025462963
0.2533582175925926
0.24804509259259258
0.2474800925925926
0.2425967824074074
3.972835474537037
0.25404181712962964
0.24872869212962964
0.24816369212962963
0.24328038194444446
3.973519074074074
0.25473701388888886
0.2494238888888889
0.24885888888888888
0.2439755787037037
3.9742142708333335
0.25543221064814814
0.25011908564814817
0.24955408564814816
0.24467077546296295
3.9749094675925924
0.2561274537037037
0.2508143287037037
0.2502493287037037
0.24536601851851852
3.975604710648148
0.2568226736111111
0.25150954861111113
0.2509445486111111
0.24606123842592592
3.9762999305555558
0.25751788194444447
0.25220475694444444
0.25163975694444446
0.24675644675925926
3.976995138888889
0.2582131134259259
0.2528999884259259
0.25233498842592594
0.24745167824074074
3.9776903703703703
0.2589083101851852
0.2535951851851852
0.25303018518518516
0.248146875
3.9783855671296298
0.2596034837962963
0.2542903703703704
0.25372537037037035
0.24884206018518518
3.9790807523148146
0.26029863425925925
0.2549855092592593
0.25442050925925924
0.24953719907407407
3.979775891203704
0.2609937962962963
0.2556806712962963
0.2551156712962963
0.25023236111111113
3.980471053240741
0.26168900462962963
0.25637587962962965
0.2558108796296296
0.25092756944444444
3.981166261574074
0.2623841550925926
0.2570710300925926
0.2565060416666667
0.25162273148148145
3.981861423611111
0.263079375
0.25776625
0.25720125
0.2523179513888889
3.9825566435185187
0.2637745486111111
0.25846142361111113
0.2578964236111111
0.2530131134259259
3.9832518055555557
0.2644581712962963
0.2591450462962963
0.2585800462962963
0.2536967361111111
3.983935428240741
0.2651533912037037
0.2598402662037037
0.2592752662037037
0.2543919560185185
3.984630648148148
0.26584858796296296
0.260535462962963
0.25997046296296294
0.25508715277777777
3.9853258449074076
0.2665437962962963
0.2612306712962963
0.2606656712962963
0.25578236111111113
3.9860210532407407
0.26723899305555554
0.26192586805555557
0.26136086805555553
0.25647755787037035
3.98671625
0.2679341435185185
0.26262101851851855
0.2620560185185185
0.25717270833333333
3.987411400462963
0.2686293518518518
0.26331622685185185
0.26275122685185187
0.25786791666666664
3.988106608796296
0.2693245486111111
0.26401142361111113
0.2634464236111111
0.2585631134259259
3.9888018055555556
0.2700197453703704
0.26470662037037035
0.26414162037037037
0.2592583101851852
3.9894970023148146
0.27071475694444447
0.26540163194444444
0.26483663194444446
0.2599533217592593
3.9901920138888887
0.2714099537037037
0.2660968287037037
0.2655318287037037
0.2606485185185185
3.990887210648148
0.2721051273148148
0.2667920023148148
0.26622700231481483
0.26134369212962966
3.9915823842592593
0.27280028935185185
0.2674871643518518
0.26692216435185184
0.26203885416666667
3.9922775462962963
0.27349542824074075
0.2681823032407407
0.26761730324074073
0.26273399305555556
3.992972685185185
0.27419064814814814
0.26887752314814817
0.26831252314814813
0.26342921296296296
3.9936679050925927
0.27488537037037036
0.2695722453703704
0.26900724537037035
0.2641239351851852
3.994362627314815
0.27558055555555555
0.2702674305555556
0.26970243055555554
0.26481912037037036
3.9950578125
0.2762641550925926
0.2709510300925926
0.2703860300925926
0.2655027199074074
3.995741412037037
0.276959375
0.27164625
0.27108125
0.2661979398148148
3.9964366319444444
0.2776545949074074
0.27234146990740743
0.2717764699074074
0.2668931597222222
3.9971318518518517
0.2783497685185185
0.27303664351851853
0.2724716435185185
0.2675883333333333
3.997827025462963
0.2790449884259259
0.2737318634259259
0.27316686342592594
0.2682835532407407
3.99852224537037
0.2797401736111111
0.2744270486111111
0.27386204861111113
0.2689787384259259
3.9992174305555555
0.28043538194444445
0.2751222569444444
0.27455725694444444
0.26967394675925926
3.999912638888889
0.28113048611111113
0.2758173611111111
0.2752523611111111
0.27036905092592595
4.000607743055555
0.28182568287037035
0.2765125578703704
0.2759475578703704
0.27106424768518517
4.001302939814815
0.2825209027777778
0.2772077777777778
0.2766427777777778
0.2717594675925926
4.0019981597222225
0.28321608796296294
0.27790296296296296
0.277337962962963
0.27245465277777775
4.002693344907407
0.2839112847222222
0.27859815972222224
0.2780331597222222
0.273149849537037
4.003388541666666
0.2846063888888889
0.27929326388888887
0.2787282638888889
0.2738449537037037
4.004083645833333
0.28530158564814817
0.27998846064814814
0.27942346064814816
0.274540150462963
4.004778842592593
0.2859967939814815
0.2806836689814815
0.28011866898148147
0.2752353587962963
4.005474050925926
0.28668039351851854
0.2813672800925926
0.2808022800925926
0.2759189699074074
4.006157662037037
0.2873755787037037
0.2820624537037037
0.2814974537037037
0.27661414351851854
4.006852835648148
0.28807074074074074
0.28275761574074076
0.2821926157407407
0.27730930555555555
4.007547997685185
0.2887659375
0.2828878125
0.2834528125
0.2780045023148148
4.008243194444445
0.28946118055555553
0.28414805555555556
0.2835830555555556
0.27869974537037034
4.0089384375
0.2901563888888889
0.28484326388888886
0.2842782638888889
0.2793949537037037
4.0096336458333335
0.2908515625
0.2855384375
0.2849734375
0.2800901273148148
4.010328819444444
0.29154677083333336
0.28566864583333335
0.2862336574074074
0.2807853472222222
4.0110240393518515
0.2922419675925926
0.2869288425925926
0.28636384259259257
0.2814805324074074
4.011719224537037
0.29293717592592594
0.2876240509259259
0.28705905092592593
0.28217574074074075
4.01241443287037
0.29363238425925925
0.2883192708333333
0.2877542708333333
0.28287096064814815
4.013109652777778
0.2943275925925926
0.2890144675925926
0.2884494675925926
0.2835661574074074
4.013804849537037
0.28970965277777777
0.2891446643518519
0.29502278935185183
0.28426135416666665
4.0145000462962965
0.295717962962963
0.29040483796296296
0.289839837962963
0.2849565277777778
4.015195219907407
0.2964131597222222
0.29110003472222223
0.2905350462962963
0.2856517361111111
4.01589042824074
0.2971083217592593
0.29179519675925925
0.29123019675925926
0.2863468865740741
4.016585578703704
0.29779177083333336
0.29247864583333333
0.29191364583333335
0.28703033564814817
4.017269027777778
0.2984869675925926
0.2931738425925926
0.29260884259259257
0.2877255324074074
4.017964224537037
0.2991821875
0.2938690625
0.2933040625
0.2884207523148148
4.018659444444444
0.29987739583333334
0.2945642708333333
0.2939992708333333
0.28911596064814815
4.0193546527777775
0.3005725810185185
0.2952594560185185
0.28981114583333334
0.2946944560185185
4.020049849537037
0.3012677662037037
0.2959546412037037
0.2953896412037037
4.020745023148148
0.2905063310185185
0.3019629861111111
0.29664986111111113
0.2960848611111111
0.2912015509259259
4.021440243055555
0.3026581828703704
0.29734505787037036
0.2967800578703704
0.2918967476851852
4.022135439814815
0.3033533680555556
0.29804024305555554
0.29747524305555556
0.2925919328703704
4.022830625
0.3040484837962963
0.2987353587962963
0.2981703587962963
0.2932870486111111
4.023525752314815
0.30474364583333335
0.2994305208333333
0.29886552083333334
0.29398221064814817
4.0242209027777776
0.3054388425925926
0.3001257175925926
0.2995607175925926
0.2946774189814815
4.024916111111111
0.30613401620370373
0.3008209027777778
0.30025590277777775
0.2953725925925926
4.025611284722222
0.3068292361111111
0.3015161111111111
0.3009511111111111
0.29606780092592594
4.026306493055555
0.30752439814814814
0.30221127314814816
0.3016462731481481
0.29676296296296295
4.027001666666667
0.3082196064814815
0.30290648148148147
0.3023414814814815
0.2974581712962963
4.027696863425926
0.3089032060185185
0.3035900925925926
0.3030250925925926
0.2981417824074074
4.028380474537037
0.3095983564814815
0.30428523148148146
0.3037202314814815
0.2988369212962963
4.029075613425926
0.31029358796296297
0.30498046296296294
0.30441546296296296
0.2995321527777778
4.029770844907407
0.31098878472222224
0.3056756597222222
0.30511065972222223
0.30022734953703706
4.030466041666667
0.31168398148148146
0.3063708564814815
0.3058058564814815
0.3009225462962963
4.031161238425926
0.31237918981481483
0.3070660648148148
0.3065010648148148
0.30161775462962964
4.031856458333333
0.313074375
0.30776125
0.30719625
0.30231293981481483
4.032551631944444
0.3137695601851852
0.3084564351851852
0.3078914351851852
0.303008125
4.03324681712963
0.3144646412037037
0.3091515162037037
0.3085865162037037
0.3037032060185185
4.033941898148148
0.3151596990740741
0.30984657407407407
0.3092815740740741
0.3043982638888889
4.034636967592593
0.315854837962963
0.31054172453703704
0.30997672453703706
0.30509341435185183
4.035332106481482
0.3165500231481482
0.31123689814814814
0.31067189814814816
0.305788587962963
4.0360272800925925
0.3172452083333333
0.31193208333333333
0.31136708333333335
0.3064837731481482
4.036722465277777
0.31794041666666667
0.31262729166666664
0.31206229166666666
0.3071789814814815
4.037417673611111
0.318635625
0.3133225
0.3127575
0.3078741898148148
4.0381128819444445
0.31931924768518516
0.3140061226851852
0.3085578125
4.038796504629629
0.3134411226851852
0.32001438657407405
0.3147012615740741
0.3141362615740741
0.30925295138888886
4.039491643518518
0.3207095023148148
0.3153963773148148
0.3148313773148148
0.30994806712962963
4.040186759259259
0.3214046759259259
0.31609155092592595
0.3155265509259259
0.31064324074074073
4.04088193287037
0.3220998611111111
0.31678673611111113
0.3162217361111111
0.3113384259259259
4.041577118055556
0.3227950578703704
0.31748193287037035
0.31691693287037037
0.3120336226851852
4.042272314814815
0.3234902777777778
0.3181771527777778
0.31761215277777777
0.3127288425925926
4.042967534722222
0.3241853240740741
0.31887221064814814
0.31830721064814815
0.313423900462963
4.043662592592592
0.32488050925925926
0.31956738425925924
0.31900238425925925
0.3141190740740741
4.044357766203704
0.32557572916666666
0.3202626157407407
0.31969761574074074
0.31481430555555556
4.045052997685185
0.32627090277777776
0.3209577777777778
0.3203927777777778
0.3155094675925926
4.045748159722222
0.32696609953703704
0.32165297453703706
0.321087974537037
0.31620466435185185
4.046443356481482
0.32766130787037034
0.3217831828703704
0.31689987268518516
4.047138564814815
0.32234818287037037
0.3283564583333333
0.32304333333333335
0.31759502314814814
0.3224783333333333
4.047833715277778
0.3290516666666667
0.32373854166666666
0.3231735416666667
0.3182902314814815
4.048528923611111
0.3297468287037037
0.3244337037037037
0.3238687037037037
0.3189853935185185
4.049224085648148
0.3304304513888889
0.3251173263888889
0.32455232638888887
0.3196690277777778
4.049907719907408
0.3311256712962963
0.3258125462962963
0.3252475462962963
0.3203642361111111
4.050602928240741
0.33182076388888887
0.3265076388888889
0.3259426388888889
0.3210593287037037
4.051298020833333
0.33251596064814815
0.3266378472222222
0.32175453703703705
0.3272028472222222
4.0519932291666665
0.33321114583333333
0.32789802083333336
0.3273330208333333
0.32244971064814815
4.052688402777778
0.33390622685185184
0.32859310185185187
0.3280281018518518
0.32314479166666665
4.0533834837962965
0.3346014236111111
0.3292882986111111
0.3287232986111111
0.32383998842592593
4.0540786805555555
0.3352966087962963
0.3299834837962963
0.3294184837962963
0.3245351736111111
4.05477386574074
0.3359917361111111
0.33067861111111113
0.3301136111111111
0.3252303009259259
4.055468993055555
0.3366869675925926
0.3308088425925926
0.3259255324074074
0.3313738425925926
4.056164224537037
0.3320690046296296
0.33738212962962966
0.33150400462962964
4.056859398148148
0.3266207060185185
0.33807729166666667
0.3327641666666667
0.33219916666666666
0.3273158564814815
4.057554548611111
0.3387725
0.333459375
0.332894375
0.3280110648148148
4.058249756944444
0.33946763888888887
0.3341545138888889
0.3335895138888889
0.3287062037037037
4.058944895833333
0.34016282407407405
0.3348496990740741
0.3342846990740741
0.32940138888888887
4.059640081018519
0.34085800925925924
0.33554488425925927
0.3349798842592593
0.33009657407407406
4.060335266203704
0.33622849537037036
0.3415416203703704
0.3356634953703704
0.33078019675925924
4.0610188888888885
0.3422368287037037
0.3369237037037037
0.3363587037037037
0.3314753935185185
4.061714085648148
0.34293203703703706
0.33761891203703703
0.33705391203703705
0.3321706018518519
4.0624092939814815
0.34362716435185187
0.33831403935185184
0.33774903935185185
0.3328657291666667
4.063104421296297
0.34432233796296297
0.33900921296296294
0.33844421296296295
0.3335609027777778
4.063799594907407
0.34501753472222224
0.3397044097222222
0.33913940972222223
0.33425609953703705
4.064494791666666
0.34571269675925925
0.3403995717592593
0.33983457175925924
0.33495126157407407
4.065189953703704
0.34640791666666665
0.3410947916666667
0.3405297916666667
0.33564648148148146
4.065885173611111
0.3471030324074074
0.3417899074074074
0.3412249074074074
0.33634159722222223
4.066580289351852
0.34779806712962963
0.3424849537037037
0.3419199537037037
0.33703664351851853
4.067275335648148
0.34849324074074073
0.34318011574074075
0.3426151157407407
0.33773180555555554
4.067970497685185
0.3491884375
0.3438753125
0.3433103125
0.3384270023148148
4.068665694444444
0.3498836458333333
0.34457052083333334
0.34400552083333336
0.3391222106481481
4.0693609027777775
0.3505787615740741
0.34526563657407405
0.34470063657407407
0.3398173263888889
4.070056018518518
0.3512739699074074
0.3459608449074074
0.34539584490740743
0.3405125347222222
4.0707512268518515
0.35196913194444446
0.34665600694444443
0.34609100694444445
0.34120769675925927
4.071446388888889
0.35265271990740743
0.3473395949074074
0.3467745949074074
0.34189128472222224
4.072129976851852
0.35334792824074074
0.34803480324074076
0.3474698148148148
0.34258650462962964
4.0728251967592595
0.3540430902777778
0.3487299652777778
0.3481649652777778
0.3432816550925926
4.073520347222222
0.35473827546296294
0.34942516203703705
0.348860162037037
0.34397685185185184
4.074215543981482
0.3554334375
0.3501203125
0.3495553125
0.3446720023148148
4.074910694444444
0.3561286226851852
0.35081549768518516
0.3502504976851852
0.3453671875
4.07560587962963
0.3568237962962963
0.3515106712962963
0.3509456712962963
0.3460623611111111
4.076301053240741
0.3575188310185185
0.3522057060185185
0.35164070601851855
0.3467573958333333
4.0769960879629625
0.35821403935185187
0.3529009259259259
0.35233592592592594
0.34745261574074077
4.077691307870371
0.35890927083333335
0.3535961458333333
0.35303114583333334
0.34814783564814816
4.078386527777778
0.35960447916666666
0.3542913541666667
0.35372635416666665
0.34884304398148147
4.079081736111111
0.36029947916666666
0.3549863541666667
0.35442135416666665
0.34953804398148147
4.0797767361111115
0.36099443287037036
0.3556813078703704
0.35511631944444444
0.35023300925925926
4.0804717013888885
0.36168961805555555
0.3563764930555556
0.3558115162037037
0.35092820601851854
4.081166898148148
0.36238475694444444
0.35650663194444443
0.35162332175925926
0.35707163194444447
4.081862013888889
0.36307997685185184
0.3572018518518518
0.35231854166666665
0.35776685185185186
4.0825572337962965
0.3637751736111111
0.3584620486111111
0.3578970486111111
0.3530137384259259
4.0832524305555555
0.3644587615740741
0.35914563657407406
0.3585806365740741
0.3536973263888889
4.083936018518519
0.35984082175925924
0.35927582175925926
0.3651539467592593
0.3543925115740741
4.084631203703704
0.36584913194444446
0.36053600694444443
0.35997100694444445
0.3550876967592593
4.085326388888889
0.36654434027777777
0.3612312152777778
0.36066621527777776
0.3557829050925926
4.0860215972222225
0.36723951388888887
0.361926400462963
0.36136140046296295
0.35647809027777777
4.086716782407407
0.36793449074074075
0.3626213657407407
0.3620563773148148
0.35717306712962965
4.087411759259259
0.3686296875
0.3633165625
0.3627515625
0.35786825231481484
4.088106944444444
0.36932488425925925
0.36401175925925927
0.36344675925925923
0.35856344907407406
4.088802141203704
0.3700200810185185
0.3647069560185185
0.3641419560185185
0.35925864583333333
4.089497337962963
0.3707152777777778
0.36540215277777777
0.3648371527777778
0.35995385416666664
4.090192546296296
0.371410462962963
0.36609734953703704
0.36553234953703706
0.36064903935185183
4.090887731481481
0.3721056828703704
0.36679255787037035
0.36622755787037037
0.3613442476851852
4.091582939814815
0.37280087962962966
0.3674877546296296
0.36692275462962964
0.36203944444444447
4.092278136574074
0.3734960763888889
0.3681829513888889
0.36761795138888886
0.3627346412037037
4.092973333333333
0.37419125
0.368878125
0.368313125
0.3634298148148148
4.093668506944445
0.37488627314814815
0.3695731481481481
0.36900815972222223
0.36412484953703705
4.094363541666667
0.37556984953703704
0.37025672453703706
0.369691724537037
0.36480841435185185
4.0950471064814815
0.37626506944444443
0.37095194444444446
0.3703869444444444
0.36550363425925925
4.095742326388889
0.3769602777777778
0.37164715277777777
0.3710821527777778
0.36619885416666664
4.096437546296296
0.3776553472222222
0.37234222222222224
0.3717772222222222
0.36689391203703703
4.097132604166666
0.3783505671296296
0.37303744212962964
0.37247244212962966
0.3675891319444444
4.097827824074074
0.379045775462963
0.37373266203703703
0.37316766203703705
0.3682843518518519
4.098523043981482
0.3797409837962963
0.3744278587962963
0.37386285879629627
0.3689795486111111
4.099218240740741
0.38043619212962965
0.3751230671296296
0.3745580787037037
0.3696747685185185
4.099913460648148
0.38113127314814815
0.3758181597222222
0.37525315972222223
0.37036984953703705
4.100608541666666
0.38182650462962964
0.3765133796296296
0.3759483796296296
0.37106506944444445
4.101303761574074
0.38252167824074074
0.37720855324074076
0.3766435532407407
0.37176024305555555
4.101998935185185
0.3832168865740741
0.37790376157407407
0.3773387615740741
0.3724554513888889
4.1026941435185185
0.38391207175925923
0.37859894675925926
0.3780339467592593
0.3731506365740741
4.103389328703703
0.3846070949074074
0.3792939699074074
0.3787289699074074
0.3738456597222222
4.104084351851852
0.385302337962963
0.37998921296296295
0.37942421296296297
0.3745409027777778
4.1047795949074075
0.3859859375
0.3806728125
0.3801078125
0.3752245023148148
4.105463194444445
0.38668114583333335
0.3813680208333333
0.38080302083333334
0.37591971064814816
4.106158402777778
0.38737636574074075
0.3820632407407407
0.38149824074074073
4.106853622685185
0.37661493055555556
0.38807146990740743
0.3821933449074074
0.3827583449074074
0.37731003472222224
4.107548726851852
0.38876663194444444
0.38345350694444447
0.38288850694444443
0.37800519675925925
4.108243888888889
0.38946180555555554
0.38414869212962965
0.3835836921296296
0.37870038194444444
4.108939074074074
0.39015697916666664
0.38484385416666667
0.3842788541666667
0.3793955439814815
4.109634236111111
0.38553905092592594
0.3908521759259259
0.3849740509259259
0.38009074074074073
4.110329432870371
0.3915473726851852
0.38623424768518516
0.3856692476851852
0.3807859375
4.11102462962963
0.39224256944444447
0.38692944444444444
0.38636444444444445
0.3814811342592593
4.111719826388889
0.39293774305555557
0.38762461805555554
0.38705961805555555
0.3821763078703704
4.112415
0.3936329050925926
0.3883197800925926
0.38775479166666665
0.3828714814814815
4.113110173611111
0.39432800925925926
0.3890148842592593
0.38844989583333334
0.38356658564814816
4.113805277777778
0.3950228935185185
0.3897097685185185
0.38914476851851854
0.3842614583333333
4.114500150462963
0.39571811342592594
0.3904049884259259
0.38983998842592593
0.38495667824074076
4.115195370370371
0.39641331018518516
0.3911001851851852
0.3905351851851852
0.385651875
4.11589056712963
0.39710846064814814
0.39179533564814817
0.39123033564814813
0.38634702546296296
4.116585717592592
0.3977920833333333
0.39247895833333335
0.3919139583333333
0.38703064814814814
4.117269351851852
0.3984872569444444
0.39317413194444445
0.39260913194444447
0.38772582175925924
4.1179645138888885
0.3991824421296296
0.39386931712962964
0.39330431712962965
0.3884210069444444
4.118659699074074
0.399877650462963
0.39456452546296295
0.39399952546296296
0.3891162152777778
4.119354907407407
0.4005728472222222
0.3952597222222222
0.39469472222222224
0.38981141203703706
4.120050104166666
0.40126792824074076
0.3959548032407407
0.39538980324074074
0.39050649305555557
4.120745185185185
0.401963125
0.39665
0.396085
0.3912016898148148
4.121440381944445
0.40265833333333334
0.3973452083333333
0.39678020833333333
0.39189689814814815
4.122135590277778
0.40335354166666665
0.3980404166666667
0.3974754166666667
0.39259210648148146
4.122830798611111
0.4040487615740741
0.39873563657407407
0.3981706365740741
0.3932873263888889
4.123526018518518
0.4047439583333333
0.39943083333333335
0.3988658333333333
0.39398252314814813
4.124221215277778
0.4054390972222222
0.40012597222222224
0.3995609837962963
0.3946776736111111
4.124916365740741
0.4061343055555556
0.40082118055555555
0.40025618055555556
0.3953728703703704
4.1256115625
0.40151636574074073
0.40682949074074076
0.40095137731481484
0.3960680671296296
4.1263067592592595
0.4075246412037037
0.40164652777777776
0.4022115277777778
0.3967632175925926
4.127001909722222
0.40820810185185186
0.4028949768518518
0.40232997685185184
0.39744666666666667
4.127685358796296
0.40890329861111113
0.4035901736111111
0.4030251736111111
0.39814186342592595
4.128380555555555
0.40959849537037035
0.4042853703703704
0.4037203703703704
0.39883706018518517
4.129075752314815
0.41029369212962963
0.40498056712962965
0.4044155671296296
0.39953225694444444
4.129770949074074
0.4109888773148148
0.40567575231481484
0.4051107523148148
0.40022744212962963
4.130466134259259
0.4116840856481481
0.40637096064814815
0.40580596064814817
0.40092265046296294
4.131161342592592
0.4123792824074074
0.4070661574074074
0.4065011574074074
0.4016178472222222
4.131856539351852
0.4130744675925926
0.4077613425925926
0.4071963425925926
0.4023130324074074
4.132551724537037
0.41376966435185186
0.40845653935185183
0.40789153935185185
0.4030082291666667
4.133246921296296
0.4144648263888889
0.4091517013888889
0.40858670138888886
0.4037033912037037
4.133942083333333
0.41516004629629627
0.4098469212962963
0.4092819212962963
0.4043986111111111
4.134637303240741
0.4158552662037037
0.4105421412037037
0.4099771412037037
0.40509383101851854
4.135332523148148
0.4165504513888889
0.4112373263888889
0.4106723263888889
0.4057890162037037
4.136027708333334
0.41724564814814813
0.41193252314814816
0.4113675231481482
0.40648421296296294
4.136722905092593
0.4179408449074074
0.41262771990740743
0.4120627199074074
0.4071794097222222
4.137418101851852
0.4186360416666667
0.41275791666666667
0.4078746064814815
4.1381132986111115
0.41332291666666665
0.41931967592592595
0.4140065509259259
0.41344155092592594
0.40855824074074076
4.13879693287037
0.42001488425925926
0.4147017592592593
0.41413675925925925
0.40925346064814816
4.139492152777778
0.42071008101851853
0.4153969560185185
0.4148319560185185
0.40994864583333335
4.140187337962963
0.42140525462962963
0.4160921412037037
0.4155271412037037
0.41064383101851853
4.140882523148148
0.42210046296296294
0.41678734953703706
0.416222349537037
0.41133903935185184
4.1415777314814815
0.42279564814814813
0.41748252314814815
0.4169175231481482
0.41203421296296294
4.142272905092592
0.4234908217592593
0.41817769675925925
0.41761269675925927
0.41272939814814813
4.142968090277778
0.4241858564814815
0.41887273148148146
0.4183077314814815
0.4134244212962963
4.143663113425926
0.4248810763888889
0.41956796296296295
0.41900296296296297
0.4141196527777778
4.144358344907407
0.42557627314814817
0.42026314814814814
0.41969814814814815
0.414814837962963
4.145053530092593
0.42627145833333335
0.4209583333333333
0.42039333333333334
0.41551002314814817
4.145748715277778
0.42696666666666666
0.4216535416666667
0.42108854166666665
0.4162052314814815
4.146443923611111
0.42766185185185185
0.4223487268518519
0.42178372685185184
0.41690041666666666
4.1471391087962965
0.42835703703703704
0.42304391203703706
0.422478912037037
0.41759560185185185
4.147834293981481
0.42373912037037037
0.4231741203703704
0.41829081018518516
4.1485295023148145
0.42905224537037034
0.4304310416666667
0.42511791666666665
0.42455291666666667
0.4196696064814815
4.149908298611111
0.4311262384259259
0.4258131134259259
0.42524811342592594
0.4203648032407407
4.150603495370371
0.43182141203703706
0.426508287037037
0.42594328703703704
0.42105997685185187
4.1512986689814815
0.43251662037037036
0.4272034953703704
0.42663849537037035
0.4217551851851852
4.151993877314815
0.43321175925925925
0.4278986342592593
0.42733363425925924
0.42245032407407407
4.152689016203704
0.43390690972222223
0.4285937847222222
0.4280287847222222
0.42314547453703705
4.153384166666667
0.4346019675925926
0.4292888425925926
0.4287238425925926
0.42384053240740743
4.154079224537037
0.43529708333333333
0.42998395833333336
0.4294189583333333
0.42453564814814815
4.154774340277778
0.43599229166666664
0.43067916666666667
0.4301141666666667
0.42523085648148146
4.155469548611111
0.4366874652777778
0.43137434027777777
0.4308093402777778
0.4259260300925926
4.156164722222222
0.43206957175925925
0.43150457175925927
0.4266212615740741
4.156859953703703
0.4373826967592593
0.43807792824074077
0.43276480324074074
0.43219980324074075
0.4273164930555556
4.157555185185185
0.43877311342592595
0.4334599884259259
0.43289498842592594
0.42801167824074077
4.158250370370371
0.43946832175925926
0.4341552083333333
0.43359020833333334
0.42870689814814816
4.158945590277778
0.44016349537037036
0.4348503703703704
0.43428537037037035
0.4294020601851852
4.1596407523148144
0.44085846064814815
0.4355453356481481
0.43498033564814814
0.43009702546296297
4.160335717592592
0.44154194444444445
0.43622881944444447
0.43566381944444443
0.43078050925925926
4.161019201388889
0.4422370949074074
0.4369239699074074
0.4363589699074074
0.43147565972222224
4.161714351851852
0.44293230324074073
0.43761917824074076
0.4370541782407407
0.43217086805555555
4.162409560185186
0.4436275115740741
0.43831438657407407
0.4377493865740741
0.4328660763888889
4.163104768518519
0.4443225115740741
0.43900938657407407
0.4384443865740741
0.4335610763888889
4.163799768518518
0.4450176967592593
0.43970457175925926
0.4391395717592593
0.4342562615740741
4.164494953703704
0.4457128935185185
0.44039976851851853
0.4398347685185185
0.4349514583333333
4.165190150462963
0.4464079282407407
0.44109480324074074
0.44052980324074076
0.43564649305555553
4.165885185185185
0.447103125
0.44179
0.441225
0.4363416898148148
4.166580381944445
0.44779824074074076
0.44248511574074073
0.44192011574074075
0.4370368055555556
4.167275497685186
0.44849340277777777
0.4431802777777778
0.44261527777777776
0.4377319675925926
4.167970659722222
0.44918850694444445
0.4438753819444444
0.44331038194444444
0.43842707175925927
4.168665763888889
0.44988372685185185
0.4445706134259259
0.4440056134259259
0.43912230324074075
4.16936099537037
0.4505789236111111
0.4452657986111111
0.4447007986111111
0.43981748842592594
4.170056180555555
0.45127412037037035
0.44596099537037037
0.4453959953703704
0.44051268518518516
4.170751377314815
0.4519693402777778
0.44665621527777777
0.4460912152777778
0.4412079050925926
4.171446597222222
0.4526529398148148
0.44733981481481483
0.4467748148148148
0.4418915046296296
4.17213019675926
0.45334814814814817
0.44803502314814814
0.44747003472222224
0.442586724537037
4.172825416666667
0.45404336805555556
0.44873024305555553
0.44816524305555555
0.4432819328703704
4.173520625
0.45473857638888887
0.4494254513888889
0.4488604513888889
0.4439771527777778
4.174215844907407
0.45543377314814815
0.4501206481481482
0.44955564814814813
0.44467233796296296
4.174911030092592
0.45612899305555554
0.45081586805555557
0.45025086805555553
0.44536755787037036
4.17560625
0.4568241898148148
0.4515110648148148
0.4509460648148148
0.44606275462962963
4.176301446759259
0.45751930555555553
0.45220618055555556
0.44675787037037035
4.1769965625
0.4516411805555556
0.4582143981481481
0.45290127314814815
0.45233627314814817
4.177691655092593
0.44745296296296294
0.4589096296296296
0.45359650462962964
0.4530315162037037
0.4481482060185185
4.1783868981481485
0.45960480324074077
0.4542916898148148
0.4537266898148148
0.4488433796296296
4.179082071759259
0.4603000462962963
0.4549869212962963
0.45442192129629627
0.4495386111111111
4.179777303240741
0.46099525462962965
0.4556821296296296
0.45511712962962964
0.4502338310185185
4.180472523148148
0.46169041666666666
0.4563772916666667
0.45581229166666665
4.181167673611111
0.4509289814814815
0.4570724884259259
0.4565074884259259
0.46238561342592593
0.45162417824074075
4.18186287037037
0.463069224537037
0.45775609953703705
0.457191099537037
0.45230778935185184
4.182546481481482
0.4637644212962963
0.4584512962962963
0.4578862962962963
0.4530029861111111
4.183241678240741
0.4644596180555556
0.45914649305555555
0.4536981828703704
0.45858149305555557
4.183936875
0.4651547916666667
0.45984166666666665
0.45927666666666667
0.4543933564814815
4.184632060185185
0.46585
0.460536875
0.4550885648148148
0.459971875
4.185327256944444
0.46654515046296297
0.46066702546296295
0.4557837152777778
0.46123202546296294
4.186022407407408
0.4619271990740741
0.46724032407407406
0.46136221064814814
0.45647890046296297
4.186717592592593
0.46793555555555555
0.4626224305555556
0.46205743055555554
0.45717412037037036
4.1874128125
0.4686307523148148
0.4633176273148148
0.4627526273148148
0.45786931712962964
4.188108009259259
0.4693259837962963
0.4640128587962963
0.4634478587962963
0.4585645486111111
4.188803240740741
0.4700211921296296
0.4641430671296296
0.45925975694444443
4.189498449074074
0.46470806712962964
0.4707163541666667
0.46540322916666665
0.46483822916666667
0.4599549189814815
4.190193611111111
0.4714115509259259
0.46553342592592595
0.4606501157407407
0.46609842592592593
4.190888807870371
0.47210677083333336
0.46622864583333334
0.4667936458333333
0.46134533564814817
4.191584027777778
0.47280197916666666
0.4674888541666667
0.46692385416666665
0.4620405439814815
4.192279236111111
0.47349717592592594
0.4681840509259259
0.4676190509259259
0.46273574074074075
4.19297443287037
0.47418072916666665
0.4688676041666667
0.4683026041666667
0.46341929398148146
4.193657986111111
0.4748759375
0.4689978125
0.4695628125
0.4641145023148148
4.194353194444444
0.47025800925925926
0.47557113425925923
0.4696930092592593
0.4648096990740741
4.195048391203704
0.4762663541666667
0.47095324074074074
0.47038824074074076
0.46550493055555553
4.195743622685185
0.4716484375
0.4710834375
0.4662001273148148
4.196438819444444
0.4769615625
0.47765663194444447
0.47234350694444444
0.47177850694444445
0.4668951967592593
4.197133888888889
0.4783518287037037
0.4730387152777778
0.47247371527777776
0.4675904050925926
4.197829097222222
0.4790470138888889
0.4737338888888889
0.4731688888888889
0.4682855787037037
4.1985242708333335
0.47974223379629627
0.4744291087962963
0.4738641087962963
0.46898079861111114
4.199219490740741
0.4804374074074074
0.4751242824074074
0.4745592824074074
0.46967597222222224
4.1999146643518515
0.48113256944444444
0.47581944444444446
0.4752544444444444
0.47037113425925925
4.200609826388889
0.4818277662037037
0.4765146412037037
0.4759496412037037
0.4710663310185185
4.201305023148148
0.4825228587962963
0.4772097337962963
0.4766447337962963
0.4717614236111111
4.2020001157407405
0.4832180555555556
0.47790493055555555
0.47733993055555557
0.4724566203703704
4.2026953125
0.4839129861111111
0.47859986111111114
0.4780348611111111
0.4731515509259259
4.20339025462963
0.4846081712962963
0.47929505787037036
0.4787300578703704
0.4738467476851852
4.204085439814815
0.4852917476851852
0.4799786226851852
0.47941362268518517
0.4745303125
4.20476900462963
0.4859869212962963
0.4806737962962963
0.48010879629629627
0.4752254861111111
4.2054641782407405
0.48668211805555556
0.4813689930555556
0.48080399305555555
0.47592068287037037
4.206159375
0.48737729166666666
0.4820641666666667
0.48149916666666664
0.47661585648148147
4.206854548611111
0.48807234953703704
0.482759224537037
0.4821942361111111
0.47731092592592594
4.207549618055555
0.4887675462962963
0.4834544212962963
0.4828894212962963
0.47800611111111113
4.208244803240741
0.48946274305555554
0.48414961805555556
0.4835846296296296
0.47870131944444444
4.208940011574074
0.4901579050925926
0.4848447800925926
0.4793964699074074
0.4842797800925926
4.209635162037037
0.4908530787037037
0.48553996527777776
0.4849749652777778
0.4800916550925926
4.210330347222222
0.491548287037037
0.4862351736111111
0.4856701736111111
0.4807868634259259
4.211025555555556
0.4922434953703704
0.48693037037037035
0.48636537037037036
0.4814820601851852
4.211720752314815
0.49293872685185186
0.48762560185185183
0.48706060185185185
0.4821772916666667
4.212415983796296
0.49363393518518517
0.4883208101851852
0.4877558101851852
0.4828725
4.21311119212963
0.49432909722222224
0.4890159722222222
0.4884509722222222
0.48356766203703705
4.213806354166667
0.49502429398148146
0.4897111689814815
0.4891461689814815
0.48426285879629627
4.214501550925926
0.49571949074074073
0.49040636574074076
0.4898413657407407
0.48495805555555555
4.2151967476851855
0.4964030671296296
0.49108994212962964
0.4905249421296296
0.48564163194444443
4.215880324074074
0.4970982407407407
0.49178512731481483
0.4912201273148148
0.4863368171296296
4.216575509259259
0.49779341435185187
0.49248028935185184
0.49191528935185186
0.4870319791666667
4.217270671296296
0.49848858796296297
0.49317546296296294
0.49261046296296296
0.4877271527777778
4.217965844907408
0.49918376157407407
0.4938706365740741
0.49330563657407406
0.4884223263888889
4.218661018518518
0.49987894675925926
0.4945658333333333
0.49400083333333333
0.48911752314814816
4.219356215277778
0.5005741550925926
0.4952610300925926
0.4946960300925926
0.48981273148148147
4.220051423611111
0.5012693402777778
0.4953912152777778
0.49050790509259257
0.4959562152777778
4.220746597222222
0.49665140046296297
0.501964525462963
0.496086400462963
4.221441782407408
0.49120309027777775
0.502659699074074
0.49734657407407407
0.4967815740740741
0.4918982638888889
4.2221369560185185
0.5033548958333334
0.49804177083333334
0.49747677083333336
0.49259346064814813
4.2228321527777775
0.5040500925925926
0.4987369675925926
0.4981719675925926
0.4932886574074074
4.223527349537037
0.5047452893518518
0.49943216435185184
0.49886716435185186
0.4939838541666667
4.224222546296296
0.5001273726851851
0.5054404976851852
0.49956237268518516
0.4946790625
4.2249177546296295
0.5061356365740741
0.5008225115740741
0.500257511574074
0.49537421296296297
4.225612905092593
0.5075140972222222
0.5022009837962963
0.5016359837962963
0.4967526736111111
4.226991365740741
0.5082093055555555
0.5028961805555555
0.5023311805555556
0.49744787037037036
4.2276865625
0.5089044907407407
0.5035913657407407
0.5030263657407408
0.49814305555555555
4.2283817476851855
0.5095996643518519
0.5042865393518519
0.5037215393518518
0.49883822916666665
4.229076921296296
0.5102948842592593
0.5049817592592593
0.5044167592592592
0.4995334490740741
4.2297721412037035
0.5109900810185185
0.5056769560185185
0.5051119560185185
0.5002286458333334
4.230467337962963
0.5116852199074075
0.5063720949074074
0.5058070949074074
0.5009237847222222
4.231162476851852
0.5123804282407407
0.5070673032407408
0.5065023032407407
0.5016189930555556
4.231857685185185
0.5130756365740741
0.507762511574074
0.5071975115740741
0.5023142013888889
4.232552893518519
0.5137708333333333
0.5084577083333334
0.5078927083333333
0.5030093981481482
4.233248090277778
0.5144660763888889
0.5091529513888889
0.5085879513888889
0.5037046412037037
4.233943333333333
0.5151612731481482
0.5098481481481482
0.5092831481481481
0.504399837962963
4.234638530092592
0.5158564930555556
0.5105433680555556
0.5099783680555555
0.5050950578703703
4.23533375
0.5165516898148148
0.5112385648148148
0.5106735648148149
0.5057902546296297
4.23602894675926
0.517246886574074
0.5119337615740741
0.5113687615740741
0.5064854513888889
4.236724143518519
0.5179304976851852
0.5126173726851851
0.5120523726851852
0.5071690625
4.23740775462963
0.5186256828703704
0.5127475578703704
0.5078642476851852
0.5133125578703703
4.238102939814815
0.5140077546296297
0.5085594444444445
0.5193208796296296
4.238798136574074
0.5134427546296296
0.5200161111111111
0.5147029861111111
0.5141379861111111
0.5092546759259259
4.239493368055555
0.5207112962962963
0.5153981712962963
0.5148331828703704
0.5099498726851852
4.240188564814815
0.5214064930555555
0.5160933680555555
0.5155283680555556
0.5106450578703704
4.24088375
0.5167885300925926
0.5162235300925926
0.5221016550925925
0.5113402199074074
4.241578912037037
0.5227968865740741
0.517483761574074
0.5169187615740741
0.5120354513888888
4.242274143518519
0.5234921064814815
0.5181789930555556
0.5176139930555556
0.5127306828703704
4.242969375
0.5241872916666667
0.5188741666666666
0.5183091666666667
0.5134258680555556
4.243664560185185
0.5248825115740741
0.519569386574074
0.5190043865740741
0.5141210763888889
4.244359768518518
0.5255777314814815
0.5202646064814814
0.5196996064814815
0.5148162962962963
4.245054988425926
0.5262729166666666
0.5209597916666666
0.5203947916666667
0.5155114814814815
4.245750173611111
0.5269680787037037
0.5216549537037037
0.5210899537037037
0.5162066435185185
4.246445335648148
0.5276632986111112
0.5223501736111111
0.5217851736111111
0.5169018634259259
4.247140555555555
0.5283585069444444
0.5230453819444445
0.5224803819444445
0.5175970717592593
4.247835763888889
0.5290420949074074
0.5237289814814815
0.5231639814814815
0.5182806712962963
4.248519363425926
0.5297373032407408
0.5244241782407407
0.5238591782407407
0.5189758680555555
4.249214560185186
0.5304325
0.525119375
0.524554375
0.5196710648148148
4.249909756944445
0.5311277083333333
0.5252495833333334
0.5258145833333333
0.5203662731481481
4.250604965277778
0.5318229166666667
0.5265097916666667
0.5210614814814815
4.251300173611111
0.5259447916666666
0.5325181134259259
0.52664
0.527205
0.5217566898148148
4.251995381944444
0.5332133217592593
0.5279001967592593
0.5273351967592592
0.522451886574074
4.252690578703704
0.5339085416666667
0.5285954166666667
0.5280304166666666
0.5231471064814814
4.253385798611111
0.53460375
0.529290625
0.528725625
0.5238423148148148
4.254081006944444
0.5352989699074074
0.5299858564814814
0.5294208564814815
0.5245375462962963
4.254776238425926
0.5359941087962963
0.5306809837962962
0.5301159837962963
0.5252326736111111
4.255471365740741
0.5366893402777778
0.5313762152777778
0.5308112152777777
0.5259279050925926
4.256166597222222
0.5373845717592592
0.5320714467592592
0.5315064467592593
0.5266231365740741
4.256861828703704
0.5380797685185185
0.5327666435185185
0.5322016435185185
0.5273183333333333
4.257557025462963
0.5387749421296296
0.5334618171296296
0.5328968171296297
0.5280135069444445
4.258252199074074
0.5394585069444444
0.5341453819444445
0.5335803935185185
0.5286970833333333
4.258935775462963
0.5401536574074074
0.5348405324074074
0.5342755324074074
0.5293922222222223
4.259630914351852
0.5408488773148148
0.5355357523148148
0.5349707523148148
0.5300874421296297
4.260326134259259
0.5415440740740741
0.5362309490740741
0.535665949074074
0.5307826388888889
4.261021331018519
0.5422392361111111
0.5369261111111111
0.5363611111111111
0.5314778009259259
4.261716493055555
0.5429344212962963
0.5376212962962963
0.5370562962962963
0.5321729861111111
4.262411678240741
0.5436296180555555
0.5383164930555555
0.5377514930555556
4.263106875
0.5328681828703704
0.5443248379629629
0.5390117129629629
0.538446724537037
0.5335634143518518
4.2638021064814815
0.5450200347222223
0.5397069097222222
0.5391419212962963
0.5342586111111111
4.2644973032407405
0.5457152546296297
0.5404021296296296
0.5398371296296296
0.5349538194444444
4.265192511574074
0.5464104629629629
0.541097337962963
0.540532337962963
0.5356490277777778
4.265887719907408
0.5471056828703704
0.5417925578703704
0.5412275578703704
0.5363442476851852
4.266582939814815
0.5478009027777778
0.5424877777777778
0.5419227777777778
0.5370394675925926
4.267278159722222
0.5484961111111111
0.5431829861111112
0.5426179861111111
0.5377346875
4.2679733796296295
0.5491913425925926
0.5438782175925926
0.5433132175925925
0.5384299074074074
4.268668599537037
0.5498749537037037
0.5445618287037037
0.5439968287037037
0.5391135185185185
4.269352210648148
0.5505701736111112
0.5452570486111111
0.5446920486111111
0.5398087384259259
4.270047430555556
0.5512653703703704
0.5459522569444445
0.5453872569444445
0.5405039467592593
4.270742638888889
0.5519605787037037
0.5466474537037037
0.5460824537037037
0.5411991435185185
4.271437835648148
0.5526557638888889
0.5473426388888889
0.5467776388888889
0.5418943287037037
4.2721330208333335
0.5533509722222222
0.5480378472222223
0.5474728472222222
0.542589537037037
4.272828229166667
0.5540461689814815
0.5487330439814815
0.5481680439814814
0.5432847337962963
4.273523425925926
0.5547413888888889
0.5494282638888889
0.5488632638888888
0.5439799537037037
4.274218645833334
0.5554365972222223
0.5501234722222222
0.5495584837962963
0.5446751736111111
4.274913865740741
0.5561318171296297
0.5508186921296296
0.5502536921296296
0.5453703819444444
4.275609074074074
0.5568270370370371
0.551513912037037
0.550948912037037
0.5460656018518518
4.2763042939814815
0.5575222106481481
0.5522090856481482
0.5516440856481482
0.546760775462963
4.276999467592592
0.5582174305555555
0.5529043055555556
0.5523393055555555
0.5474559953703704
4.2776946875
0.5589126157407407
0.5535994907407408
0.5530344907407407
0.5481511805555556
4.278389872685185
0.5596078356481482
0.5542947106481482
0.5537297106481481
0.548846400462963
4.2790850925925925
0.5602914351851852
0.5549783101851852
0.5544133101851851
0.54953
4.27976869212963
0.5609866319444444
0.5556735069444444
0.5551085069444445
0.5502251967592593
4.280463888888889
0.5616818055555556
0.5563686805555556
0.5558036805555555
0.5509203703703703
4.2811590625
0.5623770138888889
0.5570638888888889
0.5564988888888889
0.5516155787037037
4.281854270833334
0.5630722222222222
0.5577590972222223
0.5571940972222222
0.5523107870370371
4.282549479166667
0.5637674421296296
0.5584543171296297
0.5578893171296296
0.5530060069444445
4.283244699074074
0.5644626388888889
0.5591495138888889
0.5585845138888889
0.5537012037037037
4.283939895833333
0.5651578240740741
0.5598446990740741
0.559279699074074
0.5543963888888889
4.284635081018519
0.5658530439814815
0.5599749189814814
0.5550916087962963
0.5605399189814815
4.285330300925926
0.5665482407407407
0.5612351157407407
0.5606701157407408
0.5557868055555556
4.286025497685185
0.5672434490740741
0.5619303240740741
0.561365324074074
0.5564820138888888
4.286720706018518
0.5679386689814815
0.5626255439814815
0.5620605439814815
0.5571772337962962
4.287415925925926
0.5686338888888889
0.5627557638888889
0.5633207638888889
0.5578724537037038
4.288111145833334
0.5693291087962963
0.5640159837962962
0.5634509837962963
0.5585676736111111
4.288806365740741
0.5700243287037037
0.5647112037037038
0.5641462037037037
0.5592628935185185
4.289501585648148
0.570719537037037
0.5654064236111112
0.5648414236111111
0.5599581134259259
4.2901968055555555
0.571403136574074
0.5660900115740741
0.5655250115740741
0.5606417013888889
4.290880393518519
0.572097974537037
0.566784849537037
0.5662198495370371
0.5613365393518519
4.291575243055555
0.5727931944444444
0.5674800694444444
0.5669150694444445
0.5620317592592593
4.292270451388889
0.5681752662037037
0.5676102662037037
0.5627269560185185
4.292965648148148
0.5734883912037037
0.568870474537037
0.574183599537037
0.5683054745370371
0.5634221643518519
4.293660856481481
0.5748787152777778
0.5695656018518519
0.5690006018518519
0.5641172916666667
4.294355983796296
0.5755739236111111
0.5702607986111111
0.5696957986111111
0.5648124884259259
4.295051180555555
0.5762691203703704
0.5709559953703703
0.5703909953703704
0.5655076851851852
4.295746377314815
0.5769643402777778
0.5716512152777777
0.5662029050925926
4.2964415972222225
0.5710862152777778
0.5776595023148148
0.5723463773148149
0.5717813773148148
0.5668980671296296
4.297136759259259
0.5783547106481481
0.5730415856481481
0.5724765856481482
0.567593275462963
4.297831967592592
0.5790499537037037
0.5737368287037037
0.5731718287037038
0.5682885185185185
4.298527210648148
0.5797451736111111
0.5744320486111111
0.5738670486111112
0.568983738425926
4.299222430555556
0.5804404050925925
0.5751272800925926
0.5745622800925926
0.5696789699074074
4.299917662037037
0.5811355787037037
0.5758224537037037
0.5752574537037037
0.5703741435185186
4.300612835648148
0.5818307175925926
0.5765175925925926
0.5759525925925926
0.5710692824074074
4.301307974537037
0.5825143287037037
0.5766362152777778
0.5717529050925926
0.5772012152777778
4.301991597222222
0.583209525462963
0.577896412037037
0.5773314120370371
0.5724481018518518
4.302686793981482
0.5785915856481482
0.5839047222222222
0.5780265972222223
0.573143287037037
4.303381979166667
0.5845999074074074
0.5787217824074075
0.5738384722222222
4.304077164351852
0.5792867824074074
0.5799816319444444
0.5794166319444445
4.304772013888889
0.5745333217592593
0.5852947569444444
0.585989988425926
0.5801118634259259
0.580676863425926
0.5752285532407407
4.30546724537037
0.5866851736111112
0.5813720486111111
0.5808070486111111
0.5759237384259259
4.306162430555555
0.5873803819444444
0.5820672569444445
0.5815022569444445
0.5766189467592593
4.306857638888889
0.5880755671296296
0.5821974421296296
0.5773141319444445
4.307552824074074
0.5827624421296296
0.5887707291666666
0.5834576041666667
0.5828926041666667
0.5780092939814815
4.308247986111111
0.5894659027777778
0.5841527777777777
0.5835877777777778
0.5787044675925926
4.308943159722222
0.5901610069444444
0.5848478819444445
0.5842828819444444
0.5793995717592593
4.309638263888889
0.5908562037037037
0.5855430787037037
0.5849780787037037
0.5800947685185185
4.310333460648148
0.5915514351851852
0.5862383101851851
0.5856733101851852
0.58079
4.3110286921296295
0.5922465625
0.5869334490740741
0.586368449074074
0.5814851388888889
4.311723831018519
0.5929417361111111
0.5876286111111111
0.5870636111111112
0.5821803009259259
4.312418993055555
0.5936253587962963
0.5883122337962963
0.5877472337962963
0.5828639236111111
4.313102615740741
0.5943205555555555
0.5890074421296296
0.5884424421296296
0.5835591319444444
4.313797824074074
0.5950157523148148
0.5897026273148148
0.5891376273148148
0.5842543171296296
4.314493009259259
0.5957109490740741
0.590397824074074
0.5898328240740741
0.5849495138888889
4.315188206018519
0.5964061574074074
0.5910930324074074
0.5905280324074074
0.5856447222222222
4.315883414351852
0.5971013541666667
0.5917882291666666
0.5912232291666667
0.5863399189814815
4.316578611111111
0.597796574074074
0.592483449074074
0.5919184490740741
0.5870351388888889
4.317273831018518
0.598491574074074
0.593178449074074
0.5926134606481481
0.587730150462963
4.317968842592593
0.5991867361111111
0.5938736111111111
0.5933086111111111
0.5884253009259259
4.318663993055556
0.5998819675925926
0.5945688425925926
0.5940038425925926
0.5891205324074074
4.319359224537037
0.600577175925926
0.5952640509259259
0.5946990509259259
0.5898157407407407
4.3200544328703705
Deleted: /root/warrantybot/Client/public/assets/1726230062195.png
0.5959591898148148
0.5953941898148148
0.5905108796296297
4.32074957175926
0.5966544212962963
0.5960894212962963
0.5912061111111111
4.321444803240741
0.5973496412037037
0.5967846412037037
0.5919013310185185
4.3221400347222225
0.5980448495370371
0.5974798611111111
0.5925965509259259
4.322835243055556
0.5987284490740741
0.598163449074074
0.593280150462963
4.323518842592593
0.5994236458333333
0.5988586458333334
0.5939753472222222
4.324214039351852
0.6001188657407407
0.5995538657407408
0.5946705671296296
4.324909259259259
Deleted: /root/warrantybot/Client/public/assets/1726230529610.png
0.6002490740740741
0.5953657638888888
4.325604456018518
Deleted: /root/warrantybot/Client/public/assets/1726230567956.png
0.5960609606481482
4.326299652777778
0.5967561689814814
4.326994861111111
0.597451261574074
4.327689953703704
0.5981464699074074
4.328385162037037
0.5988415856481482
4.329080289351852
0.5995367939814815
4.329775486111111
0.6002319675925926
4.330470671296296
Deleted: /root/warrantybot/Client/public/assets/1726230973238.png
4.33116568287037
4.331860868055555
4.332556053240741
4.33325125
4.333946458333333
4.334630069444445
4.335325277777778
4.336020497685185
4.336715694444444
4.337410891203704
4.338106122685185
4.338801342592593
4.3394965277777775
4.340191747685185
4.340886944444445
4.341582141203704
4.342277384259259
4.3429726041666665
4.343667789351852
4.34436300925926
4.345046608796296
4.345741828703703
4.346437002314815
4.3471321875
4.347827395833334
4.348522604166667
4.349217800925926
4.349912997685185
4.3506081712962965
4.351303402777778
4.351998611111111
4.3526937731481485
4.353388935185185
4.354084155092592
4.3547793634259255
4.355474560185185
4.356158194444444
4.356853391203703
4.357548576388889
4.358243761574074
4.358938981481481
4.359634189814815
4.360329212962963
4.361024421296296
4.3617196527777775
4.362414826388889
4.363109953703704
4.363805069444444
4.364500277777778
4.365195486111111
4.365890717592593
4.366574293981482
4.367269502314815
4.3679647453703705
4.368659930555555
4.369355115740741
4.370050289351852
4.370745509259259
4.3714407407407405
4.372135972222222
4.372831134259259
4.3735263425925925
4.3742215393518515
4.374916666666667
4.375611875
4.376307094907407
4.377002268518519
4.377685868055556
4.378381087962963
4.379076284722222
4.379771469907407
4.380466666666667
4.381161898148148
4.381857025462963
4.382552245370371
4.3832474305555555
4.383942638888889
4.384637789351852
4.385332974537037
4.386028125
4.386723159722222
4.387418356481481
4.388113553240741
4.3887971643518515
4.3894923726851856
4.3901875694444445
4.390882789351852
4.391577974537037
4.392273171296297
4.392968298611111
4.393663472222222
4.394358657407407
4.395053842592593
4.395749050925926
4.396444212962963
4.397139444444444
4.39783462962963
4.398529837962963
4.399213425925926
4.399908645833333
4.400603865740741
4.401299039351852
4.401994224537037
4.402689409722222
4.403384629629629
4.404079826388889
4.404775023148148
4.405470162037037
4.406165034722222
4.406860243055555
4.4075554629629625
4.408250659722222
4.4089458680555556
4.409641076388889
4.41032457175926
4.411019803240741
4.411715023148148
4.412410208333333
4.413105231481482
4.413800428240741
4.414495625
4.415190798611111
4.4158860069444446
4.41658125
4.417276469907407
4.417971689814815
4.418666898148148
4.419362118055555
4.420057314814815
4.420740960648148
4.421436145833334
4.422131354166667
4.422826527777778
4.423521736111111
4.424216967592592
4.424912164351852
4.4256073148148145
4.426302511574074
4.426997534722222
4.427692476851852
4.428387673611111
4.429082881944445
4.429777974537037
4.430473171296296
4.431168391203704
4.4318520254629625
4.432547233796297
4.433242314814815
4.433937511574074
4.434632719907407
4.435327916666667
4.436023136574074
4.436718159722222
4.437413356481481
4.438108553240741
4.438803773148148
4.43949900462963
4.440194201388889
4.440889386574074
4.4415845949074075
4.442279803240741
4.4429634375
4.443658657407408
4.444353877314815
4.445049120370371
4.445744328703704
4.44643949074074
4.447134664351852
4.447829849537037
4.448525046296297
4.449220208333333
4.449915416666666
4.450610648148148
4.451305844907408
4.452001064814815
4.452696273148148
4.453379895833334
4.454075115740741
4.454770358796297
4.455465601851852
4.456160798611111
4.456855983796296
4.457551099537037
4.458246319444444
4.4589415393518514
4.459636770833334
4.460331967592593
4.461027210648148
4.461722453703704
4.462417662037037
4.463112858796296
4.464491655092592
4.465186770833333
4.465882002314815
4.466577222222222
4.467272418981482
4.467967615740741
4.468662800925926
4.469357997685186
4.470053148148148
4.47074832175926
4.471443518518519
4.4721387037037035
4.472833900462963
4.473529120370371
4.474224363425926
4.474907962962963
4.475603067129629
4.476298298611111
4.476993530092592
4.477688738425926
